<?xml version="1.0" encoding="UTF-8"?>
<!-- Generated by org.testng.reporters.JUnitReportReporter -->
<testsuite skipped="0" hostname="PRAKASHV-PC" name="testclasses.TestNG_Parameters" tests="1" failures="0" timestamp="25 Apr 2018 20:46:26 GMT" time="0.000" errors="0">
  <testcase name="testMethod1" time="0.000" classname="testclasses.TestNG_Parameters"/>
</testsuite> <!-- testclasses.TestNG_Parameters -->
