<?xml version="1.0" encoding="UTF-8"?>
<!-- Generated by org.testng.reporters.JUnitReportReporter -->
<testsuite skipped="0" hostname="PRAKASHV-PC" name="testclasses.TestNG_MethodClassAnnotations" tests="2" failures="0" timestamp="24 Apr 2018 03:05:35 GMT" time="0.017" errors="0">
  <testcase name="testMethod1" time="0.009" classname="testclasses.TestNG_MethodClassAnnotations"/>
  <testcase name="testMethod2" time="0.008" classname="testclasses.TestNG_MethodClassAnnotations"/>
</testsuite> <!-- testclasses.TestNG_MethodClassAnnotations -->
