<?xml version="1.0" encoding="UTF-8"?>
<!-- Generated by org.testng.reporters.JUnitReportReporter -->
<testsuite skipped="0" hostname="PRAKASHV-PC" name="testclasses.TestNG_DataProviders" tests="3" failures="0" timestamp="26 Apr 2018 21:08:55 GMT" time="0.028" errors="0">
  <testcase name="testMethod1" time="0.007" classname="testclasses.TestNG_DataProviders"/>
  <testcase name="testMethod1" time="0.019" classname="testclasses.TestNG_DataProviders"/>
  <testcase name="testMethod1" time="0.002" classname="testclasses.TestNG_DataProviders"/>
</testsuite> <!-- testclasses.TestNG_DataProviders -->
