<?xml version="1.0" encoding="UTF-8"?>
<!-- Generated by org.testng.reporters.JUnitReportReporter -->
<testsuite skipped="0" hostname="PRAKASHV-PC" name="testclasses.TestNG_TestClass2" tests="2" failures="0" timestamp="24 Apr 2018 03:20:39 GMT" time="0.012" errors="0">
  <testcase name="testMethod1" time="0.006" classname="testclasses.TestNG_TestClass2"/>
  <testcase name="testMethod2" time="0.006" classname="testclasses.TestNG_TestClass2"/>
</testsuite> <!-- testclasses.TestNG_TestClass2 -->
