<?xml version="1.0" encoding="UTF-8"?>
<!-- Generated by org.testng.reporters.JUnitReportReporter -->
<testsuite skipped="0" hostname="PRAKASHV-PC" name="testclasses.TestNG_Grouping" tests="2" failures="0" timestamp="24 Apr 2018 20:03:47 GMT" time="0.009" errors="0">
  <testcase name="testBMWX6" time="0.001" classname="testclasses.TestNG_Grouping"/>
  <testcase name="testAudiA6" time="0.008" classname="testclasses.TestNG_Grouping"/>
</testsuite> <!-- testclasses.TestNG_Grouping -->
