<?xml version="1.0" encoding="UTF-8"?>
<!-- Generated by org.testng.reporters.JUnitReportReporter -->
<testsuite skipped="0" hostname="PRAKASHV-PC" name="testclasses.TestNG_TestClass1" tests="2" failures="0" timestamp="20 Apr 2018 05:16:37 GMT" time="0.018" errors="0">
  <testcase name="testMethod2" time="0.008" classname="testclasses.TestNG_TestClass1"/>
  <testcase name="testMethod1" time="0.010" classname="testclasses.TestNG_TestClass1"/>
</testsuite> <!-- testclasses.TestNG_TestClass1 -->
