<?xml version="1.0" encoding="UTF-8"?>
<!-- Generated by org.testng.reporters.JUnitReportReporter -->
<testsuite skipped="0" hostname="PRAKASHV-PC" name="testclasses.TestNG_Parallel1" tests="2" failures="0" timestamp="25 Apr 2018 21:04:27 GMT" time="12.072" errors="0">
  <testcase name="testMethod2" time="6.041" classname="testclasses.TestNG_Parallel1"/>
  <testcase name="testMethod1" time="6.031" classname="testclasses.TestNG_Parallel1"/>
</testsuite> <!-- testclasses.TestNG_Parallel1 -->
