<?xml version="1.0" encoding="UTF-8"?>
<!-- Generated by org.testng.reporters.JUnitReportReporter -->
<testsuite skipped="0" hostname="PRAKASHV-PC" name="testclasses.TestNG_Preserve2" tests="2" failures="0" timestamp="25 Apr 2018 05:17:43 GMT" time="0.032" errors="0">
  <testcase name="testMethod2" time="0.003" classname="testclasses.TestNG_Preserve2"/>
  <testcase name="testMethod1" time="0.029" classname="testclasses.TestNG_Preserve2"/>
</testsuite> <!-- testclasses.TestNG_Preserve2 -->
