<?xml version="1.0" encoding="UTF-8"?>
<!-- Generated by org.testng.reporters.JUnitReportReporter -->
<testsuite skipped="0" hostname="PRAKASHV-PC" name="testclasses.TestNG_Parallel2" tests="2" failures="0" timestamp="25 Apr 2018 21:04:27 GMT" time="12.050" errors="0">
  <testcase name="testMethod2" time="6.018" classname="testclasses.TestNG_Parallel2"/>
  <testcase name="testMethod1" time="6.032" classname="testclasses.TestNG_Parallel2"/>
</testsuite> <!-- testclasses.TestNG_Parallel2 -->
